<?xml version="1.0" encoding="UTF-8"?>
<testsuite xmlns:xsi="http://www.w3.org/2001/XMLSchema-instance" xsi:noNamespaceSchemaLocation="https://maven.apache.org/surefire/maven-surefire-plugin/xsd/surefire-test-report-3.0.xsd" version="3.0" name="StateValidationTests" time="0.053" tests="8" errors="0" skipped="0" failures="0">
  <properties>
[...]
</properties>
  <testcase name="ingredientExists_RecipeNotExist" classname="StateValidationTests" time="0.025"/>
  <testcase name="recipeBoxExists_HasRecipes_NoIngredients" classname="StateValidationTests" time="0.001"/>
  <testcase name="recipeBoxExists_HasRecipes_HasIngredients" classname="StateValidationTests" time="0.001"/>
  <testcase name="ingredientExists_RecipeExists" classname="StateValidationTests" time="0.002"/>
  <testcase name="recipeHasIngredients" classname="StateValidationTests" time="0.001"/>
  <testcase name="recipeBoxNotExist" classname="StateValidationTests" time="0.001"/>
  <testcase name="recipeBoxExists_HasNoRecipes" classname="StateValidationTests" time="0.001"/>
  <testcase name="recipeExists_HasNoIngredients" classname="StateValidationTests" time="0.001"/>
</testsuite>