<?xml version="1.0" encoding="UTF-8"?>
<testsuite xmlns:xsi="http://www.w3.org/2001/XMLSchema-instance" xsi:noNamespaceSchemaLocation="https://maven.apache.org/surefire/maven-surefire-plugin/xsd/surefire-test-report-3.0.xsd" version="3.0" name="RecipeTests" time="0.092" tests="14" errors="0" skipped="0" failures="0">
  <properties>
[...]
</properties>
  <testcase name="addIngredientToRecipeBoxRecipe" classname="RecipeTests" time="0.036">
    <system-out><![CDATA[---------------------------------------------------------------------

Add Ingredient: Potatoes to Recipe: Fruit Salad?

Enter: 1 for Yes, 2 for No.

---------------------------------------------------------------------
Input: ]]></system-out>
  </testcase>
  <testcase name="createRecipeWithInstructions" classname="RecipeTests" time="0.01">
    <system-out><![CDATA[-----------------------------------------------------

To create a Recipe, you must first provide its name: 

-----------------------------------------------------
Input: ---------------------------------------------------------

What is Test Recipe's serving size?

---------------------------------------------------------
Input: ------------------------------------------------------------

How many calories will Test Recipe be?

------------------------------------------------------------
Input: --------------------------------------------

Would you like to add Recipe Instructions now?

1 - Yes, 2 - No
--------------------------------------------
Input: ==================================================

Recipe Test Recipe Instructions

==================================================
Enter Step 1:


==================================================
Option 1: Exit
==================================================
Input: --------------------------------------------
Would you like to add another step?

1 - Yes, 2 - No
--------------------------------------------
Input: ==================================================

Recipe Test Recipe Instructions

==================================================
Enter Step 2:

Existing Steps: 
--------------------------------------------
1. Insert into Oven.
--------------------------------------------

==================================================
Option 1: Exit
==================================================
Input: --------------------------------------------
Would you like to add another step?

1 - Yes, 2 - No
--------------------------------------------
Input: ==================================================

Recipe Test Recipe Instructions

==================================================
Enter Step 3:

Existing Steps: 
--------------------------------------------
1. Insert into Oven.
2. Bake to 400 Degrees.
--------------------------------------------

==================================================
Option 1: Exit
==================================================
Input: --------------------------------------------
Would you like to add another step?

1 - Yes, 2 - No
--------------------------------------------
Input: ---------------------------------------------------------------------------------------------

Recipe: Test Recipe created successfully! Returning to Recipe Menu.

---------------------------------------------------------------------------------------------
]]></system-out>
  </testcase>
  <testcase name="updateSavedRecipe" classname="RecipeTests" time="0.004">
    <system-out><![CDATA[=================================================================================

For Recipe: Fruit Salad, which values would you like to update?

------------------------------------------------------------------
Option 1: Name

Option 2: Number of Servings - 89

Option 3: Ingredient List

Option 4: Total Calories - 4554.0

Option 5: Recipe Instructions

------------------------------------------------------------------
Option 6: Exit
=================================================================================
Input: --------------------------------------------

What would you like the recipe's name to be?

--------------------------------------------
Input: =================================================================================

For Recipe: This is a new Recipe, which values would you like to update?

------------------------------------------------------------------
Option 1: Name

Option 2: Number of Servings - 89

Option 3: Ingredient List

Option 4: Total Calories - 4554.0

Option 5: Recipe Instructions

------------------------------------------------------------------
Option 6: Exit
=================================================================================
Input: --------------------------------------------

How many servings should the recipe be?

--------------------------------------------
Input: =================================================================================

For Recipe: This is a new Recipe, which values would you like to update?

------------------------------------------------------------------
Option 1: Name

Option 2: Number of Servings - 4000

Option 3: Ingredient List

Option 4: Total Calories - 4554.0

Option 5: Recipe Instructions

------------------------------------------------------------------
Option 6: Exit
=================================================================================
Input: ---------------------------------------

How many calories should the recipe be?

---------------------------------------
Input: =================================================================================

For Recipe: This is a new Recipe, which values would you like to update?

------------------------------------------------------------------
Option 1: Name

Option 2: Number of Servings - 4000

Option 3: Ingredient List

Option 4: Total Calories - 3000.0

Option 5: Recipe Instructions

------------------------------------------------------------------
Option 6: Exit
=================================================================================
Input: ----------------------------------------------------------------------------

Exiting to Recipe Update Menu.

----------------------------------------------------------------------------
]]></system-out>
  </testcase>
  <testcase name="updateRecipe" classname="RecipeTests" time="0.003">
    <system-out><![CDATA[=================================================================================

For Recipe: Strawberry Pie, which values would you like to update?

------------------------------------------------------------------
Option 1: Name

Option 2: Number of Servings - 34

Option 3: Ingredient List

Option 4: Total Calories - 444.0

Option 5: Recipe Instructions

------------------------------------------------------------------
Option 6: Exit
=================================================================================
Input: --------------------------------------------

What would you like the recipe's name to be?

--------------------------------------------
Input: =================================================================================

For Recipe: This is a new Recipe, which values would you like to update?

------------------------------------------------------------------
Option 1: Name

Option 2: Number of Servings - 34

Option 3: Ingredient List

Option 4: Total Calories - 444.0

Option 5: Recipe Instructions

------------------------------------------------------------------
Option 6: Exit
=================================================================================
Input: --------------------------------------------

How many servings should the recipe be?

--------------------------------------------
Input: =================================================================================

For Recipe: This is a new Recipe, which values would you like to update?

------------------------------------------------------------------
Option 1: Name

Option 2: Number of Servings - 4000

Option 3: Ingredient List

Option 4: Total Calories - 444.0

Option 5: Recipe Instructions

------------------------------------------------------------------
Option 6: Exit
=================================================================================
Input: ---------------------------------------

How many calories should the recipe be?

---------------------------------------
Input: =================================================================================

For Recipe: This is a new Recipe, which values would you like to update?

------------------------------------------------------------------
Option 1: Name

Option 2: Number of Servings - 4000

Option 3: Ingredient List

Option 4: Total Calories - 3000.0

Option 5: Recipe Instructions

------------------------------------------------------------------
Option 6: Exit
=================================================================================
Input: ----------------------------------------------------------------------------

Exiting to Recipe Update Menu.

----------------------------------------------------------------------------
]]></system-out>
  </testcase>
  <testcase name="deleteRecipe" classname="RecipeTests" time="0.001">
    <system-out><![CDATA[--------------------------------------------------------------------------------------------------

Are you sure you want to delete Recipe: Test Recipe?

Enter: 1 for Yes, 2 for No.

--------------------------------------------------------------------------------------------------

Input: ---------------------------------

Recipe deleted. Returning to Recipe Menu.

---------------------------------
]]></system-out>
  </testcase>
  <testcase name="createRecipeWithAnInstruction" classname="RecipeTests" time="0.001">
    <system-out><![CDATA[-----------------------------------------------------

To create a Recipe, you must first provide its name: 

-----------------------------------------------------
Input: ---------------------------------------------------------

What is Test Recipe's serving size?

---------------------------------------------------------
Input: ------------------------------------------------------------

How many calories will Test Recipe be?

------------------------------------------------------------
Input: --------------------------------------------

Would you like to add Recipe Instructions now?

1 - Yes, 2 - No
--------------------------------------------
Input: ==================================================

Recipe Test Recipe Instructions

==================================================
Enter Step 1:


==================================================
Option 1: Exit
==================================================
Input: --------------------------------------------
Would you like to add another step?

1 - Yes, 2 - No
--------------------------------------------
Input: ---------------------------------------------------------------------------------------------

Recipe: Test Recipe created successfully! Returning to Recipe Menu.

---------------------------------------------------------------------------------------------
]]></system-out>
  </testcase>
  <testcase name="removeRecipeFromRecipeBox" classname="RecipeTests" time="0.001">
    <system-out><![CDATA[====================================================================================

From the list below, please select the recipe you wish to remove from Recipe Box: Totally Radical Recipe Box

------------------------------------------------------------------
Warning! Removing a recipe from the recipe box will delete it entirely.
------------------------------------------------------------------

Recipe Name: Fruit Salad


------------------------------------------------------------------
Option 1: Exit
====================================================================================
Input: ------------------------------------------------------------------

Recipe removed from Recipe Box: Totally Radical Recipe Box successfully. Returning to Recipe Menu.

------------------------------------------------------------------
]]></system-out>
  </testcase>
  <testcase name="addRecipeToRecipeBox" classname="RecipeTests" time="0.001">
    <system-out><![CDATA[---------------------------------------------------------------------

Add Recipe: Strawberry Pie to Recipe Box: Totally Radical Recipe Box?

Enter: 1 for Yes, 2 for No.

---------------------------------------------------------------------
Input: -------------------------------------------------------------

Recipe added to Recipe Box. Returning to Recipe Menu.

-------------------------------------------------------------
]]></system-out>
  </testcase>
  <testcase name="addIngredientToRecipe" classname="RecipeTests" time="0.001">
    <system-out><![CDATA[---------------------------------------------------------------------

Add Ingredient: Potatoes to Recipe: Strawberry Pie?

Enter: 1 for Yes, 2 for No.

---------------------------------------------------------------------
Input: ]]></system-out>
  </testcase>
  <testcase name="updateRecipeWithInstructions" classname="RecipeTests" time="0.002">
    <system-out><![CDATA[=================================================================================

For Recipe: Strawberry Pie, which values would you like to update?

------------------------------------------------------------------
Option 1: Name

Option 2: Number of Servings - 34

Option 3: Ingredient List

Option 4: Total Calories - 444.0

Option 5: Recipe Instructions

------------------------------------------------------------------
Option 6: Exit
=================================================================================
Input: --------------------------------------------

What would you like the recipe's name to be?

--------------------------------------------
Input: =================================================================================

For Recipe: There's no way this is a recipe., which values would you like to update?

------------------------------------------------------------------
Option 1: Name

Option 2: Number of Servings - 34

Option 3: Ingredient List

Option 4: Total Calories - 444.0

Option 5: Recipe Instructions

------------------------------------------------------------------
Option 6: Exit
=================================================================================
Input: --------------------------------------------

How many servings should the recipe be?

--------------------------------------------
Input: =================================================================================

For Recipe: There's no way this is a recipe., which values would you like to update?

------------------------------------------------------------------
Option 1: Name

Option 2: Number of Servings - 4000

Option 3: Ingredient List

Option 4: Total Calories - 444.0

Option 5: Recipe Instructions

------------------------------------------------------------------
Option 6: Exit
=================================================================================
Input: ---------------------------------------

How many calories should the recipe be?

---------------------------------------
Input: =================================================================================

For Recipe: There's no way this is a recipe., which values would you like to update?

------------------------------------------------------------------
Option 1: Name

Option 2: Number of Servings - 4000

Option 3: Ingredient List

Option 4: Total Calories - 3000.0

Option 5: Recipe Instructions

------------------------------------------------------------------
Option 6: Exit
=================================================================================
Input: ==================================================

Recipe There's no way this is a recipe. Instructions

==================================================
Enter Step 6:

Existing Steps: 
--------------------------------------------
1. Discover your no match for the pie.
2. Go on a journey of self discovery.
3. Find the inner strength you knew you had all along.
4. Find out the pie killed your family.
5. Bake pie at 3000 degrees until dead or moist at least.
--------------------------------------------

==================================================
Option 1: Exit
==================================================
Input: --------------------------------------------
Would you like to add another step?

1 - Yes, 2 - No
--------------------------------------------
Input: =================================================================================

For Recipe: There's no way this is a recipe., which values would you like to update?

------------------------------------------------------------------
Option 1: Name

Option 2: Number of Servings - 4000

Option 3: Ingredient List

Option 4: Total Calories - 3000.0

Option 5: Recipe Instructions

------------------------------------------------------------------
Option 6: Exit
=================================================================================
Input: ----------------------------------------------------------------------------

Exiting to Recipe Update Menu.

----------------------------------------------------------------------------
]]></system-out>
  </testcase>
  <testcase name="removeIngredientFromRecipeBoxRecipe" classname="RecipeTests" time="0.001">
    <system-out><![CDATA[---------------------------------------------------------------------------------------------------

Input the Ingredient's name from the list below to remove it from Recipe: Fruit Salad

---------------------------------------------------------------------------------------------------

 - Kiwis

 - Dough

 - Sugar
---------------------------------------------------------------------------------------------------
Input: -------------------------------------------------------------------

Ingredient was removed from Recipe: Fruit Salad.

-------------------------------------------------------------------
]]></system-out>
  </testcase>
  <testcase name="AddDuplicateIngredientToRecipe" classname="RecipeTests" time="0.001">
    <system-out><![CDATA[-------------------------------------------------------------

Ingredient: Blueberries already exists in Recipe: Strawberry Pie.

-------------------------------------------------------------
]]></system-out>
  </testcase>
  <testcase name="createRecipeWithoutInstructions" classname="RecipeTests" time="0.001">
    <system-out><![CDATA[-----------------------------------------------------

To create a Recipe, you must first provide its name: 

-----------------------------------------------------
Input: ---------------------------------------------------------

What is Test Recipe's serving size?

---------------------------------------------------------
Input: ------------------------------------------------------------

How many calories will Test Recipe be?

------------------------------------------------------------
Input: --------------------------------------------

Would you like to add Recipe Instructions now?

1 - Yes, 2 - No
--------------------------------------------
Input: ---------------------------------------------------------------------------------------------

Recipe: Test Recipe created successfully! Returning to Recipe Menu.

---------------------------------------------------------------------------------------------
]]></system-out>
  </testcase>
  <testcase name="removeIngredientFromRecipe" classname="RecipeTests" time="0.001">
    <system-out><![CDATA[---------------------------------------------------------------------------------------------------

Input the Ingredient's name from the list below to remove it from Recipe: Fruit Salad

---------------------------------------------------------------------------------------------------

 - Potatoes
---------------------------------------------------------------------------------------------------
Input: -------------------------------------------------------------------

Ingredient was removed from Recipe: Fruit Salad.

-------------------------------------------------------------------
]]></system-out>
  </testcase>
</testsuite>